{"/Users/massa/Desktop/Coding/Udacity/Front_End_Nanodegree/Project_4_Practice/src/client/js/formHandler.js": {"path":"/Users/massa/Desktop/Coding/Udacity/Front_End_Nanodegree/Project_4_Practice/src/client/js/formHandler.js","statementMap":{"0":{"start":{"line":2,"column":2},"end":{"line":2,"column":25}},"1":{"start":{"line":5,"column":17},"end":{"line":5,"column":75}},"2":{"start":{"line":6,"column":16},"end":{"line":6,"column":59}},"3":{"start":{"line":7,"column":15},"end":{"line":7,"column":32}},"4":{"start":{"line":10,"column":2},"end":{"line":12,"column":5}},"5":{"start":{"line":11,"column":4},"end":{"line":11,"column":32}}},"fnMap":{"0":{"name":"handleSubmit","decl":{"start":{"line":1,"column":9},"end":{"line":1,"column":21}},"loc":{"start":{"line":1,"column":29},"end":{"line":13,"column":1}},"line":1},"1":{"name":"(anonymous_1)","decl":{"start":{"line":10,"column":47},"end":{"line":10,"column":48}},"loc":{"start":{"line":10,"column":56},"end":{"line":12,"column":3}},"line":10}},"branchMap":{},"s":{"0":0,"1":0,"2":0,"3":0,"4":0,"5":0},"f":{"0":0,"1":0},"b":{},"_coverageSchema":"1a1c01bbd47fc00a2c39e90264f33305004495a9","hash":"decabb047979c2cf9b4b46c83e94e982629336ac"}
,"/Users/massa/Desktop/Coding/Udacity/Front_End_Nanodegree/Project_4_Practice/src/client/js/postData.js": {"path":"/Users/massa/Desktop/Coding/Udacity/Front_End_Nanodegree/Project_4_Practice/src/client/js/postData.js","statementMap":{"0":{"start":{"line":1,"column":27},"end":{"line":1,"column":57}},"1":{"start":{"line":3,"column":17},"end":{"line":18,"column":1}},"2":{"start":{"line":4,"column":18},"end":{"line":11,"column":4}},"3":{"start":{"line":12,"column":2},"end":{"line":17,"column":3}},"4":{"start":{"line":13,"column":17},"end":{"line":13,"column":37}},"5":{"start":{"line":14,"column":4},"end":{"line":14,"column":16}},"6":{"start":{"line":16,"column":4},"end":{"line":16,"column":28}}},"fnMap":{"0":{"name":"(anonymous_0)","decl":{"start":{"line":3,"column":17},"end":{"line":3,"column":18}},"loc":{"start":{"line":3,"column":50},"end":{"line":18,"column":1}},"line":3}},"branchMap":{},"s":{"0":1,"1":1,"2":0,"3":0,"4":0,"5":0,"6":0},"f":{"0":0},"b":{},"_coverageSchema":"1a1c01bbd47fc00a2c39e90264f33305004495a9","hash":"b0c3201c360cd3aac944b3a7d7f1f59fcac5e1eb"}
,"/Users/massa/Desktop/Coding/Udacity/Front_End_Nanodegree/Project_4_Practice/src/client/js/updateUI.js": {"path":"/Users/massa/Desktop/Coding/Udacity/Front_End_Nanodegree/Project_4_Practice/src/client/js/updateUI.js","statementMap":{"0":{"start":{"line":3,"column":18},"end":{"line":3,"column":52}},"1":{"start":{"line":4,"column":2},"end":{"line":4,"column":25}},"2":{"start":{"line":5,"column":2},"end":{"line":5,"column":34}},"3":{"start":{"line":8,"column":2},"end":{"line":24,"column":3}},"4":{"start":{"line":9,"column":4},"end":{"line":15,"column":24}},"5":{"start":{"line":17,"column":4},"end":{"line":23,"column":24}},"6":{"start":{"line":27,"column":2},"end":{"line":27,"column":55}}},"fnMap":{"0":{"name":"updateUI","decl":{"start":{"line":1,"column":9},"end":{"line":1,"column":17}},"loc":{"start":{"line":1,"column":24},"end":{"line":28,"column":1}},"line":1}},"branchMap":{"0":{"loc":{"start":{"line":8,"column":2},"end":{"line":24,"column":3}},"type":"if","locations":[{"start":{"line":8,"column":2},"end":{"line":24,"column":3}},{"start":{"line":8,"column":2},"end":{"line":24,"column":3}}],"line":8}},"s":{"0":0,"1":0,"2":0,"3":0,"4":0,"5":0,"6":0},"f":{"0":0},"b":{"0":[0,0]},"_coverageSchema":"1a1c01bbd47fc00a2c39e90264f33305004495a9","hash":"a99d5aeaf6542763e8c7a8d824dbcfa84fb1efbe"}
}
