TN:
SF:src/client/js/formHandler.js
FN:1,handleSubmit
FN:10,(anonymous_1)
FNF:2
FNH:0
FNDA:0,handleSubmit
FNDA:0,(anonymous_1)
DA:2,0
DA:5,0
DA:6,0
DA:7,0
DA:10,0
DA:11,0
LF:6
LH:0
BRF:0
BRH:0
end_of_record
TN:
SF:src/client/js/postData.js
FN:3,(anonymous_0)
FNF:1
FNH:0
FNDA:0,(anonymous_0)
DA:1,1
DA:3,1
DA:4,0
DA:12,0
DA:13,0
DA:14,0
DA:16,0
LF:7
LH:2
BRF:0
BRH:0
end_of_record
TN:
SF:src/client/js/updateUI.js
FN:1,updateUI
FNF:1
FNH:0
FNDA:0,updateUI
DA:3,0
DA:4,0
DA:5,0
DA:8,0
DA:9,0
DA:17,0
DA:27,0
LF:7
LH:0
BRDA:8,0,0,0
BRDA:8,0,1,0
BRF:2
BRH:0
end_of_record
